<?xml version="1.0" encoding="UTF-8"?>
<!-- Generated by org.testng.reporters.JUnitReportReporter -->
<testsuite hostname="DESKTOP-MUTIL2M" failures="0" tests="1" name="Script_login.testclass$test" time="4.194" errors="0" timestamp="2025-08-02T15:27:58 IST" skipped="0">
  <testcase classname="Script_login.testclass$test" name="Test1" time="4.194"/>
</testsuite> <!-- Script_login.testclass$test -->
