<?xml version="1.0" encoding="UTF-8"?>
<!-- Generated by org.testng.reporters.JUnitReportReporter -->
<testsuite hostname="DESKTOP-MUTIL2M" failures="0" tests="1" name="Script_login.testclass1$test" time="4.296" errors="0" timestamp="2025-08-02T15:58:15 IST" skipped="0">
  <testcase classname="Script_login.testclass1$test" name="test1" time="4.296"/>
</testsuite> <!-- Script_login.testclass1$test -->
