<?xml version="1.0" encoding="UTF-8"?>
<!-- Generated by org.testng.reporters.JUnitReportReporter -->
<testsuite hostname="DESKTOP-MUTIL2M" failures="0" tests="1" name="Script1_login.testclass1$test" time="4.448" errors="0" timestamp="2025-08-02T15:50:39 IST" skipped="0">
  <testcase classname="Script1_login.testclass1$test" name="test1" time="4.448"/>
</testsuite> <!-- Script1_login.testclass1$test -->
